Command line:
   ./test1_isim_beh.exe
     -intstyle  ise
     -ipchost  localhost
     -ipcport  45977

Mon Jun  5 21:40:12 2017

Total Line Count : 29

 Elaboration Time: 0 sec

 Current Memory Usage: 164.123 Meg

 Total Signals          : 262
 Total Nets             : 58
 Total Signal Drivers   : 37
 Total Blocks           : 51
 Total Primitive Blocks : 34
 Total Processes        : 34
 Total Traceable Variables  : 18
 Total Scalar Nets and Variables : 1080
ntrace select -o on -n /test1/b0 
ntrace select -o on -n /test1/b1 
ntrace select -o on -n /test1/b2 
ntrace select -o on -n /test1/b3 
ntrace select -o on -n /test1/an0 
ntrace select -o on -n /test1/an1 
ntrace select -o on -n /test1/an2 
ntrace select -o on -n /test1/an3 
ntrace select -o on -n /test1/ca 
ntrace select -o on -n /test1/cb 
ntrace select -o on -n /test1/cc 
ntrace select -o on -n /test1/cd 
ntrace select -o on -n /test1/ce 
ntrace select -o on -n /test1/cf 
ntrace select -o on -n /test1/cg 
ntrace start 
isimrun 1000 ns 
Simulator is doing circuit initialization process.
Finished circuit initialization process.

 Total Simulation Time: 0.02 sec

 Current Memory Usage: 312.824 Meg

Mon Jun  5 21:41:09 2017

